C:\Program Files (x86)\Microsoft Visual Studio\2019\Community\MSBuild\Microsoft\VC\v160\Microsoft.CppBuild.targets(513,5): warning MSB8028: 中繼目錄 (Debug\) 包含從其他專案 (light.vcxproj) 共用的檔案。這可能導致錯誤的清除和重建行為。
  tinyfiledialogs.c
  main.cpp
E:\U10916024\Include\GL\glui.h(868,47): warning C4244: '引數': 將 'double' 轉換為 'GLfloat'，由於類型不同，可能導致資料遺失
E:\U10916024\Include\GL\glui.h(868,31): warning C4244: '引數': 將 'double' 轉換為 'GLfloat'，由於類型不同，可能導致資料遺失
E:\U10916024\Include\GL\glui.h(932,24): warning C4834: 正在捨棄具有 'nodiscard' 屬性之函式的傳回值
E:\U10916024\light\main.cpp(201,24): warning C4305: '正在初始化': 從 'int' 轉換為 'GLfloat'，是由較大的類型轉換為較小的類型，可能導致資料遺失
E:\U10916024\light\main.cpp(202,24): warning C4305: '正在初始化': 從 'int' 轉換為 'GLfloat'，是由較大的類型轉換為較小的類型，可能導致資料遺失
E:\U10916024\light\main.cpp(203,24): warning C4305: '正在初始化': 從 'int' 轉換為 'GLfloat'，是由較大的類型轉換為較小的類型，可能導致資料遺失
E:\U10916024\light\main.cpp(204,23): warning C4018: '<': signed/unsigned 不相符
E:\U10916024\light\main.cpp(213,23): warning C4018: '<': signed/unsigned 不相符
E:\U10916024\light\main.cpp(219,23): warning C4018: '<': signed/unsigned 不相符
E:\U10916024\light\main.cpp(275,29): warning C4244: '引數': 將 'int' 轉換為 'float'，由於類型不同，可能導致資料遺失
E:\U10916024\light\main.cpp(354,24): warning C4018: '<': signed/unsigned 不相符
E:\U10916024\light\main.cpp(362,24): warning C4018: '<': signed/unsigned 不相符
  LINK : 最後的累加連結找不到或未建置 E:\U10916024\Debug\U10916024.exe，正在執行完整連結
glui32d.lib(algebra3.obj) : warning LNK4099: 找不到 PDB '' (有 'glui32d.lib(algebra3.obj)' 或位於 '')，當做沒有偵錯資訊，連結物件
glui32d.lib(arcball.obj) : warning LNK4099: 找不到 PDB '_glui library.pdb' (有 'glui32d.lib(arcball.obj)' 或位於 'E:\U10916024\Debug\_glui library.pdb')，當做沒有偵錯資訊，連結物件
glui32d.lib(glui.obj) : warning LNK4099: 找不到 PDB '_glui library.pdb' (有 'glui32d.lib(glui.obj)' 或位於 'E:\U10916024\Debug\_glui library.pdb')，當做沒有偵錯資訊，連結物件
glui32d.lib(glui_add_controls.obj) : warning LNK4099: 找不到 PDB '_glui library.pdb' (有 'glui32d.lib(glui_add_controls.obj)' 或位於 'E:\U10916024\Debug\_glui library.pdb')，當做沒有偵錯資訊，連結物件
glui32d.lib(glui_bitmaps.obj) : warning LNK4099: 找不到 PDB '_glui library.pdb' (有 'glui32d.lib(glui_bitmaps.obj)' 或位於 'E:\U10916024\Debug\_glui library.pdb')，當做沒有偵錯資訊，連結物件
glui32d.lib(glui_bitmap_img_data.obj) : warning LNK4099: 找不到 PDB '_glui library.pdb' (有 'glui32d.lib(glui_bitmap_img_data.obj)' 或位於 'E:\U10916024\Debug\_glui library.pdb')，當做沒有偵錯資訊，連結物件
glui32d.lib(glui_button.obj) : warning LNK4099: 找不到 PDB '_glui library.pdb' (有 'glui32d.lib(glui_button.obj)' 或位於 'E:\U10916024\Debug\_glui library.pdb')，當做沒有偵錯資訊，連結物件
glui32d.lib(glui_checkbox.obj) : warning LNK4099: 找不到 PDB '_glui library.pdb' (有 'glui32d.lib(glui_checkbox.obj)' 或位於 'E:\U10916024\Debug\_glui library.pdb')，當做沒有偵錯資訊，連結物件
glui32d.lib(glui_column.obj) : warning LNK4099: 找不到 PDB '_glui library.pdb' (有 'glui32d.lib(glui_column.obj)' 或位於 'E:\U10916024\Debug\_glui library.pdb')，當做沒有偵錯資訊，連結物件
glui32d.lib(glui_control.obj) : warning LNK4099: 找不到 PDB '_glui library.pdb' (有 'glui32d.lib(glui_control.obj)' 或位於 'E:\U10916024\Debug\_glui library.pdb')，當做沒有偵錯資訊，連結物件
glui32d.lib(glui_edittext.obj) : warning LNK4099: 找不到 PDB '_glui library.pdb' (有 'glui32d.lib(glui_edittext.obj)' 或位於 'E:\U10916024\Debug\_glui library.pdb')，當做沒有偵錯資訊，連結物件
glui32d.lib(glui_listbox.obj) : warning LNK4099: 找不到 PDB '_glui library.pdb' (有 'glui32d.lib(glui_listbox.obj)' 或位於 'E:\U10916024\Debug\_glui library.pdb')，當做沒有偵錯資訊，連結物件
glui32d.lib(glui_mouse_iaction.obj) : warning LNK4099: 找不到 PDB '_glui library.pdb' (有 'glui32d.lib(glui_mouse_iaction.obj)' 或位於 'E:\U10916024\Debug\_glui library.pdb')，當做沒有偵錯資訊，連結物件
glui32d.lib(glui_node.obj) : warning LNK4099: 找不到 PDB '_glui library.pdb' (有 'glui32d.lib(glui_node.obj)' 或位於 'E:\U10916024\Debug\_glui library.pdb')，當做沒有偵錯資訊，連結物件
glui32d.lib(glui_panel.obj) : warning LNK4099: 找不到 PDB '_glui library.pdb' (有 'glui32d.lib(glui_panel.obj)' 或位於 'E:\U10916024\Debug\_glui library.pdb')，當做沒有偵錯資訊，連結物件
glui32d.lib(glui_radio.obj) : warning LNK4099: 找不到 PDB '_glui library.pdb' (有 'glui32d.lib(glui_radio.obj)' 或位於 'E:\U10916024\Debug\_glui library.pdb')，當做沒有偵錯資訊，連結物件
glui32d.lib(glui_rollout.obj) : warning LNK4099: 找不到 PDB '_glui library.pdb' (有 'glui32d.lib(glui_rollout.obj)' 或位於 'E:\U10916024\Debug\_glui library.pdb')，當做沒有偵錯資訊，連結物件
glui32d.lib(glui_rotation.obj) : warning LNK4099: 找不到 PDB '_glui library.pdb' (有 'glui32d.lib(glui_rotation.obj)' 或位於 'E:\U10916024\Debug\_glui library.pdb')，當做沒有偵錯資訊，連結物件
glui32d.lib(glui_separator.obj) : warning LNK4099: 找不到 PDB '_glui library.pdb' (有 'glui32d.lib(glui_separator.obj)' 或位於 'E:\U10916024\Debug\_glui library.pdb')，當做沒有偵錯資訊，連結物件
glui32d.lib(glui_spinner.obj) : warning LNK4099: 找不到 PDB '_glui library.pdb' (有 'glui32d.lib(glui_spinner.obj)' 或位於 'E:\U10916024\Debug\_glui library.pdb')，當做沒有偵錯資訊，連結物件
glui32d.lib(glui_statictext.obj) : warning LNK4099: 找不到 PDB '_glui library.pdb' (有 'glui32d.lib(glui_statictext.obj)' 或位於 'E:\U10916024\Debug\_glui library.pdb')，當做沒有偵錯資訊，連結物件
glui32d.lib(glui_string.obj) : warning LNK4099: 找不到 PDB '' (有 'glui32d.lib(glui_string.obj)' 或位於 '')，當做沒有偵錯資訊，連結物件
glui32d.lib(glui_translation.obj) : warning LNK4099: 找不到 PDB '_glui library.pdb' (有 'glui32d.lib(glui_translation.obj)' 或位於 'E:\U10916024\Debug\_glui library.pdb')，當做沒有偵錯資訊，連結物件
glui32d.lib(glui_window.obj) : warning LNK4099: 找不到 PDB '_glui library.pdb' (有 'glui32d.lib(glui_window.obj)' 或位於 'E:\U10916024\Debug\_glui library.pdb')，當做沒有偵錯資訊，連結物件
glui32d.lib(quaternion.obj) : warning LNK4099: 找不到 PDB '_glui library.pdb' (有 'glui32d.lib(quaternion.obj)' 或位於 'E:\U10916024\Debug\_glui library.pdb')，當做沒有偵錯資訊，連結物件
  light.vcxproj -> E:\U10916024\Debug\U10916024.exe
